{"Action":"kill","CommandLine":"\"C:\\Windows\\system32\\calc.exe\" ","Company":"Microsoft Corporation","ComputerName":"win1","CurrentDirectory":"C:\\Windows\\system32\\","Description":"Windows Calculator","EventCode":"1","EventType":"4","FileVersion":"6.3.9600.17667 (winblue_r8.150123-1500)","Hashes":"SHA1: 7FFEBFEE4B3C05A0A8731E859BF20EBB0B98B5FA,MD5=D82C445E3D484F31CD2638A4338E5FD9,SHA256=5543A258A819524B477DAC619EFA82B7F42822E3F446C9709FADC25FDFF94226,IMPHASH=045715AC29C84A0E47DAB339E337BC06","Image":"C:\\Windows\\System32\\calc.exe","IntegrityLevel":"Medium","Keywords":"None","LogName":"Microsoft-Windows-Sysmon/Operational","LogonGuid":"{67BF5A87-02E0-60F3-B4B9-060000000000}","LogonId":"0x6B9B4","Message":"Detect Process Create","OpCode":"Info","OriginalFileName":"CALC.EXE","ParentCommandLine":"C:\\Windows\\Explorer.EXE","ParentImage":"C:\\Windows\\explorer.exe","ParentProcessGuid":"{67BF5A87-02E1-60F3-8300-000000001D00}","ParentProcessId":"276","ProcessGuid":"{67BF5A87-1BED-60F3-CE03-000000001D00}","ProcessId":"2596","Product":"Microsoft® Windows® Operating System","RecordNumber":"124134","Result_Time":"2021-07-18 01:06:05.7225319 +0700 +07 m=+106.076542301","RuleName":"technique_id: T1204,technique_name=User Execution","Sid":"S-1-5-18","SidType":"0","SourceName":"Microsoft-Windows-Sysmon","TaskCategory":"Process Create (rule: ProcessCreate)","TerminalSessionId":"2","Time":"07/17/2021 06:05:33 PM","Type":"Process","User":"WIN1\\admin","UtcTime":"2021-07-17 18:05:33.060","result_Status":"Process maybe still alive"}
{"Action":"kill","CommandLine":"\"C:\\Windows\\system32\\calc.exe\" ","Company":"Microsoft Corporation","ComputerName":"win1","CurrentDirectory":"C:\\Windows\\system32\\","Description":"Windows Calculator","EventCode":"1","EventType":"4","FileVersion":"6.3.9600.17667 (winblue_r8.150123-1500)","Hashes":"SHA1: 7FFEBFEE4B3C05A0A8731E859BF20EBB0B98B5FA,MD5=D82C445E3D484F31CD2638A4338E5FD9,SHA256=5543A258A819524B477DAC619EFA82B7F42822E3F446C9709FADC25FDFF94226,IMPHASH=045715AC29C84A0E47DAB339E337BC06","Image":"C:\\Windows\\System32\\calc.exe","IntegrityLevel":"Medium","Keywords":"None","LogName":"Microsoft-Windows-Sysmon/Operational","LogonGuid":"{67BF5A87-02E0-60F3-B4B9-060000000000}","LogonId":"0x6B9B4","Message":"Detect Process Create","OpCode":"Info","OriginalFileName":"CALC.EXE","ParentCommandLine":"C:\\Windows\\Explorer.EXE","ParentImage":"C:\\Windows\\explorer.exe","ParentProcessGuid":"{67BF5A87-02E1-60F3-8300-000000001D00}","ParentProcessId":"276","ProcessGuid":"{67BF5A87-1C25-60F3-D503-000000001D00}","ProcessId":"3196","Product":"Microsoft® Windows® Operating System","RecordNumber":"124140","Result_Time":"2021-07-18 01:06:36.1490984 +0700 +07 m=+136.503108801","RuleName":"technique_id: T1204,technique_name=User Execution","Sid":"S-1-5-18","SidType":"0","SourceName":"Microsoft-Windows-Sysmon","TaskCategory":"Process Create (rule: ProcessCreate)","TerminalSessionId":"2","Time":"07/17/2021 06:06:29 PM","Type":"Process","User":"WIN1\\admin","UtcTime":"2021-07-17 18:06:29.980","result_Status":"Process maybe still alive"}
{"Action":"kill","CommandLine":"\"C:\\Windows\\system32\\cmd.exe\" ","Company":"Microsoft Corporation","ComputerName":"win6","CurrentDirectory":"C:\\Users\\admin\\","Description":"Windows Command Processor","EventCode":"1","EventType":"4","FileVersion":"6.3.9600.17415 (winblue_r4.141028-1500)","Hashes":"SHA1: 7C3D7281E1151FE4127923F4B4C3CD36438E1A12,MD5=F5AE03DE0AD60F5B17B82F2CD68402FE,SHA256=6F88FB88FFB0F1D5465C2826E5B4F523598B1B8378377C8378FFEBC171BAD18B,IMPHASH=77AED1ADAF24B344F08C8AD1432908C3","Image":"C:\\Windows\\System32\\cmd.exe","IntegrityLevel":"Medium","Keywords":"None","LogName":"Microsoft-Windows-Sysmon/Operational","LogonGuid":"{32EAB2FE-02FC-60F3-5EB4-050000000000}","LogonId":"0x5B45E","Message":"Detect Process Create","OpCode":"Info","OriginalFileName":"Cmd.Exe","ParentCommandLine":"C:\\Windows\\Explorer.EXE","ParentImage":"C:\\Windows\\explorer.exe","ParentProcessGuid":"{32EAB2FE-02FD-60F3-7B00-000000000F00}","ParentProcessId":"696","ProcessGuid":"{32EAB2FE-1CC1-60F3-CA03-000000000F00}","ProcessId":"1956","Product":"Microsoft® Windows® Operating System","RecordNumber":"2394","Result_Time":"2021-07-18 01:09:14.5936384 +0700 +07 m=+294.947648801","RuleName":"technique_id: T1204,technique_name=User Execution","Sid":"S-1-5-18","SidType":"0","SourceName":"Microsoft-Windows-Sysmon","TaskCategory":"Process Create (rule: ProcessCreate)","TerminalSessionId":"2","Time":"07/17/2021 06:09:05 PM","Type":"Process","User":"WIN6\\admin","UtcTime":"2021-07-17 18:09:05.641","result_Status":"Process maybe still alive"}
{"Action":"kill","CommandLine":"\"C:\\Windows\\system32\\calc.exe\" ","Company":"Microsoft Corporation","ComputerName":"win1","CurrentDirectory":"C:\\Windows\\system32\\","Description":"Windows Calculator","EventCode":"1","EventType":"4","FileVersion":"6.3.9600.17667 (winblue_r8.150123-1500)","Hashes":"SHA1: 7FFEBFEE4B3C05A0A8731E859BF20EBB0B98B5FA,MD5=D82C445E3D484F31CD2638A4338E5FD9,SHA256=5543A258A819524B477DAC619EFA82B7F42822E3F446C9709FADC25FDFF94226,IMPHASH=045715AC29C84A0E47DAB339E337BC06","Image":"C:\\Windows\\System32\\calc.exe","IntegrityLevel":"Medium","Keywords":"None","LogName":"Microsoft-Windows-Sysmon/Operational","LogonGuid":"{67BF5A87-3322-60F4-6FA0-050000000000}","LogonId":"0x5A06F","Message":"Detect Process Create","OpCode":"Info","OriginalFileName":"CALC.EXE","ParentCommandLine":"C:\\Windows\\Explorer.EXE","ParentImage":"C:\\Windows\\explorer.exe","ParentProcessGuid":"{67BF5A87-3323-60F4-8000-000000001E00}","ParentProcessId":"2060","ProcessGuid":"{67BF5A87-3679-60F4-0D01-000000001E00}","ProcessId":"340","Product":"Microsoft® Windows® Operating System","RecordNumber":"133587","Result_Time":"2021-07-18 21:11:16.3970353 +0700 +07 m=+66.785391801","RuleName":"technique_id: T1204,technique_name=User Execution","Sid":"S-1-5-18","SidType":"0","SourceName":"Microsoft-Windows-Sysmon","TaskCategory":"Process Create (rule: ProcessCreate)","TerminalSessionId":"2","Time":"07/18/2021 02:11:05 PM","Type":"Process","User":"WIN1\\admin","UtcTime":"2021-07-18 14:11:05.681","result_Status":"Process maybe still alive"}
{"Action":"kill","CommandLine":"\"C:\\Windows\\system32\\calc.exe\" ","Company":"Microsoft Corporation","ComputerName":"win1","CurrentDirectory":"C:\\Windows\\system32\\","Description":"Windows Calculator","EventCode":"1","EventType":"4","FileVersion":"6.3.9600.17667 (winblue_r8.150123-1500)","Hashes":"SHA1: 7FFEBFEE4B3C05A0A8731E859BF20EBB0B98B5FA,MD5=D82C445E3D484F31CD2638A4338E5FD9,SHA256=5543A258A819524B477DAC619EFA82B7F42822E3F446C9709FADC25FDFF94226,IMPHASH=045715AC29C84A0E47DAB339E337BC06","Image":"C:\\Windows\\System32\\calc.exe","IntegrityLevel":"Medium","Keywords":"None","LogName":"Microsoft-Windows-Sysmon/Operational","LogonGuid":"{67BF5A87-3322-60F4-6FA0-050000000000}","LogonId":"0x5A06F","Message":"Detect Process Create","OpCode":"Info","OriginalFileName":"CALC.EXE","ParentCommandLine":"C:\\Windows\\Explorer.EXE","ParentImage":"C:\\Windows\\explorer.exe","ParentProcessGuid":"{67BF5A87-3323-60F4-8000-000000001E00}","ParentProcessId":"2060","ProcessGuid":"{67BF5A87-3679-60F4-0D01-000000001E00}","ProcessId":"340","Product":"Microsoft® Windows® Operating System","RecordNumber":"133587","Result_Time":"2021-07-18 21:11:16.3970353 +0700 +07 m=+66.785391801","RuleName":"technique_id: T1204,technique_name=User Execution","Sid":"S-1-5-18","SidType":"0","SourceName":"Microsoft-Windows-Sysmon","TaskCategory":"Process Create (rule: ProcessCreate)","TerminalSessionId":"2","Time":"07/18/2021 02:11:05 PM","Type":"Process","User":"WIN1\\admin","UtcTime":"2021-07-18 14:11:05.681","result_Status":"Process maybe still alive"}
{"Action":"kill","CommandLine":"\"C:\\Windows\\system32\\calc.exe\" ","Company":"Microsoft Corporation","ComputerName":"win1","CurrentDirectory":"C:\\Windows\\system32\\","Description":"Windows Calculator","EventCode":"1","EventType":"4","FileVersion":"6.3.9600.17667 (winblue_r8.150123-1500)","Hashes":"SHA1: 7FFEBFEE4B3C05A0A8731E859BF20EBB0B98B5FA,MD5=D82C445E3D484F31CD2638A4338E5FD9,SHA256=5543A258A819524B477DAC619EFA82B7F42822E3F446C9709FADC25FDFF94226,IMPHASH=045715AC29C84A0E47DAB339E337BC06","Image":"C:\\Windows\\System32\\calc.exe","IntegrityLevel":"Medium","Keywords":"None","LogName":"Microsoft-Windows-Sysmon/Operational","LogonGuid":"{67BF5A87-3322-60F4-6FA0-050000000000}","LogonId":"0x5A06F","Message":"Detect Process Create","OpCode":"Info","OriginalFileName":"CALC.EXE","ParentCommandLine":"C:\\Windows\\Explorer.EXE","ParentImage":"C:\\Windows\\explorer.exe","ParentProcessGuid":"{67BF5A87-3323-60F4-8000-000000001E00}","ParentProcessId":"2060","ProcessGuid":"{67BF5A87-3679-60F4-0D01-000000001E00}","ProcessId":"340","Product":"Microsoft® Windows® Operating System","RecordNumber":"133587","Result_Time":"2021-07-18 21:11:16.3970353 +0700 +07 m=+66.785391801","RuleName":"technique_id: T1204,technique_name=User Execution","Sid":"S-1-5-18","SidType":"0","SourceName":"Microsoft-Windows-Sysmon","TaskCategory":"Process Create (rule: ProcessCreate)","TerminalSessionId":"2","Time":"07/18/2021 02:11:05 PM","Type":"Process","User":"WIN1\\admin","UtcTime":"2021-07-18 14:11:05.681","result_Status":"Process maybe still alive"}
{"Action":"kill","CommandLine":"\"C:\\Windows\\system32\\calc.exe\" ","Company":"Microsoft Corporation","ComputerName":"win1","CurrentDirectory":"C:\\Windows\\system32\\","Description":"Windows Calculator","EventCode":"1","EventType":"4","FileVersion":"6.3.9600.17667 (winblue_r8.150123-1500)","Hashes":"SHA1: 7FFEBFEE4B3C05A0A8731E859BF20EBB0B98B5FA,MD5=D82C445E3D484F31CD2638A4338E5FD9,SHA256=5543A258A819524B477DAC619EFA82B7F42822E3F446C9709FADC25FDFF94226,IMPHASH=045715AC29C84A0E47DAB339E337BC06","Image":"C:\\Windows\\System32\\calc.exe","IntegrityLevel":"Medium","Keywords":"None","LogName":"Microsoft-Windows-Sysmon/Operational","LogonGuid":"{67BF5A87-02E0-60F3-B4B9-060000000000}","LogonId":"0x6B9B4","Message":"Detect Process Create","OpCode":"Info","OriginalFileName":"CALC.EXE","ParentCommandLine":"C:\\Windows\\Explorer.EXE","ParentImage":"C:\\Windows\\explorer.exe","ParentProcessGuid":"{67BF5A87-02E1-60F3-8300-000000001D00}","ParentProcessId":"276","ProcessGuid":"{67BF5A87-1C25-60F3-D503-000000001D00}","ProcessId":"3196","Product":"Microsoft® Windows® Operating System","RecordNumber":"124140","Result_Time":"2021-07-18 01:06:36.1490984 +0700 +07 m=+136.503108801","RuleName":"technique_id: T1204,technique_name=User Execution","Sid":"S-1-5-18","SidType":"0","SourceName":"Microsoft-Windows-Sysmon","TaskCategory":"Process Create (rule: ProcessCreate)","TerminalSessionId":"2","Time":"07/17/2021 06:06:29 PM","Type":"Process","User":"WIN1\\admin","UtcTime":"2021-07-17 18:06:29.980","result_Status":"Process maybe still alive"}
