{"Time": "07/25/2021 03:56:14 AM", "LogName": "Microsoft-Windows-Sysmon/Operational", "EventCode": "1", "EventType": "4", "ComputerName": "win1", "User": "WIN1\\admin", "Sid": "S-1-5-18", "SidType": "0", "SourceName": "Microsoft-Windows-Sysmon", "Type": "Process", "RecordNumber": "194441", "Keywords": "None", "TaskCategory": "Process Create (rule: ProcessCreate)", "OpCode": "Info", "Message": "null", "RuleName": "technique_id: T1059,technique_name=Command-Line Interface", "UtcTime": "2021-07-25 03:56:14.009", "ProcessGuid": "{67BF5A87-E0DE-60FC-AC0C-000000002800}", "ProcessId": "3692", "Image": "C:\\Windows\\System32\\cmd.exe", "FileVersion": "6.3.9600.17415 (winblue_r4.141028-1500)", "Description": "Windows Command Processor", "Product": "Microsoft\u00ae Windows\u00ae Operating System", "Company": "Microsoft Corporation", "OriginalFileName": "Cmd.Exe", "CommandLine": "C:\\Windows\\system32\\cmd.exe /d /s /c \"wsl.exe -l -q\"", "CurrentDirectory": "C:\\Users\\admin\\AppData\\Local\\Programs\\Microsoft VS Code\\", "LogonGuid": "{67BF5A87-823D-60FC-6CF2-070000000000}", "LogonId": "0x7F26C", "TerminalSessionId": "2", "IntegrityLevel": "Medium", "Hashes": "SHA1: 7C3D7281E1151FE4127923F4B4C3CD36438E1A12,MD5=F5AE03DE0AD60F5B17B82F2CD68402FE,SHA256=6F88FB88FFB0F1D5465C2826E5B4F523598B1B8378377C8378FFEBC171BAD18B,IMPHASH=77AED1ADAF24B344F08C8AD1432908C3", "ParentProcessGuid": "{67BF5A87-E0D9-60FC-930C-000000002800}", "ParentProcessId": "3400", "ParentImage": "C:\\Users\\admin\\AppData\\Local\\Programs\\Microsoft VS Code\\Code.exe", "ParentCommandLine": "\"C:\\Users\\admin\\AppData\\Local\\Programs\\Microsoft VS Code\\Code.exe\" --type: renderer --disable-color-correct-rendering --field-trial-handle=1116,13656695306534591967,1643964822573527361,131072 --enable-features=WebComponentsV0Enabled --disable-features=CalculateNativeWinOcclusion,CertVerifierService,CookiesWithoutSameSiteMustBeSecure,SameSiteByDefaultCookies,SpareRendererForSitePerProcess --disable-gpu-compositing --lang=en-US --standard-schemes=vscode-webview,vscode-file --secure-schemes=vscode-webview,vscode-file --bypasscsp-schemes --cors-schemes=vscode-webview,vscode-file --fetch-schemes=vscode-webview,vscode-file --service-worker-schemes=vscode-webview --streaming-schemes --app-user-model-id=Microsoft.VisualStudioCode --app-path=\"C:\\Users\\admin\\AppData\\Local\\Programs\\Microsoft VS Code\\resources\\app\" --no-sandbox --no-zygote --disable-blink-features=Auxclick --device-scale-factor=2 --num-raster-threads=1 --renderer-client-id=7 --no-v8-untrusted-code-mitigations --mojo-platform-channel-handle=2352 /prefetch:1 --vscode-window-config=vscode:9e3963b0-4d1d-4f46-8b42-00626178d459", "Action": "kill"}{"Time": "07/25/2021 03:56:08 AM", "LogName": "Microsoft-Windows-Sysmon/Operational", "EventCode": "7", "EventType": "4", "ComputerName": "win1", "User": "NOT_TRANSLATED", "Sid": "S-1-5-18", "SidType": "0", "SourceName": "Microsoft-Windows-Sysmon", "Type": "Registry", "RecordNumber": "194325", "Keywords": "None", "TaskCategory": "Image loaded (rule: ImageLoad)", "OpCode": "Info", "Message": "Drivers", "RuleName": "technique_id: T1073,technique_name=DLL Side-Loading", "UtcTime": "2021-07-25 03:56:08.918", "ProcessGuid": "{67BF5A87-E0D8-60FC-910C-000000002800}", "ProcessId": "3704", "Image": "C:\\Users\\admin\\AppData\\Local\\Programs\\Microsoft VS Code\\Code.exe", "ImageLoaded": "C:\\Users\\admin\\AppData\\Local\\Programs\\Microsoft VS Code\\Code.exe", "FileVersion": "1.58.2", "Description": "Visual Studio Code", "Product": "Visual Studio Code", "Company": "Microsoft Corporation", "OriginalFileName": "electron.exe", "Hashes": "SHA1: 9D8FFE51F1C7327F6C8B8EE4073BDD1D1A2E69A1,MD5=9BB0532924D06B3B613CE91D20418553,SHA256=197E943C4410053AE57D08857B3DDD38AC7C3178AB6132691467CB1ECBF9C336,IMPHASH=15D14286ED161FEE58DD8D9061783EC2", "Signed": "true", "Signature": "Microsoft Corporation", "SignatureStatus": "Valid", "Action": "kill"}{"Time": "07/25/2021 03:56:14 AM", "LogName": "Microsoft-Windows-Sysmon/Operational", "EventCode": "1", "EventType": "4", "ComputerName": "win1", "User": "WIN1\\admin", "Sid": "S-1-5-18", "SidType": "0", "SourceName": "Microsoft-Windows-Sysmon", "Type": "Process", "RecordNumber": "194441", "Keywords": "None", "TaskCategory": "Process Create (rule: ProcessCreate)", "OpCode": "Info", "Message": "null", "RuleName": "technique_id: T1059,technique_name=Command-Line Interface", "UtcTime": "2021-07-25 03:56:14.009", "ProcessGuid": "{67BF5A87-E0DE-60FC-AC0C-000000002800}", "ProcessId": "3692", "Image": "C:\\Windows\\System32\\cmd.exe", "FileVersion": "6.3.9600.17415 (winblue_r4.141028-1500)", "Description": "Windows Command Processor", "Product": "Microsoft\u00ae Windows\u00ae Operating System", "Company": "Microsoft Corporation", "OriginalFileName": "Cmd.Exe", "CommandLine": "C:\\Windows\\system32\\cmd.exe /d /s /c \"wsl.exe -l -q\"", "CurrentDirectory": "C:\\Users\\admin\\AppData\\Local\\Programs\\Microsoft VS Code\\", "LogonGuid": "{67BF5A87-823D-60FC-6CF2-070000000000}", "LogonId": "0x7F26C", "TerminalSessionId": "2", "IntegrityLevel": "Medium", "Hashes": "SHA1: 7C3D7281E1151FE4127923F4B4C3CD36438E1A12,MD5=F5AE03DE0AD60F5B17B82F2CD68402FE,SHA256=6F88FB88FFB0F1D5465C2826E5B4F523598B1B8378377C8378FFEBC171BAD18B,IMPHASH=77AED1ADAF24B344F08C8AD1432908C3", "ParentProcessGuid": "{67BF5A87-E0D9-60FC-930C-000000002800}", "ParentProcessId": "3400", "ParentImage": "C:\\Users\\admin\\AppData\\Local\\Programs\\Microsoft VS Code\\Code.exe", "ParentCommandLine": "\"C:\\Users\\admin\\AppData\\Local\\Programs\\Microsoft VS Code\\Code.exe\" --type: renderer --disable-color-correct-rendering --field-trial-handle=1116,13656695306534591967,1643964822573527361,131072 --enable-features=WebComponentsV0Enabled --disable-features=CalculateNativeWinOcclusion,CertVerifierService,CookiesWithoutSameSiteMustBeSecure,SameSiteByDefaultCookies,SpareRendererForSitePerProcess --disable-gpu-compositing --lang=en-US --standard-schemes=vscode-webview,vscode-file --secure-schemes=vscode-webview,vscode-file --bypasscsp-schemes --cors-schemes=vscode-webview,vscode-file --fetch-schemes=vscode-webview,vscode-file --service-worker-schemes=vscode-webview --streaming-schemes --app-user-model-id=Microsoft.VisualStudioCode --app-path=\"C:\\Users\\admin\\AppData\\Local\\Programs\\Microsoft VS Code\\resources\\app\" --no-sandbox --no-zygote --disable-blink-features=Auxclick --device-scale-factor=2 --num-raster-threads=1 --renderer-client-id=7 --no-v8-untrusted-code-mitigations --mojo-platform-channel-handle=2352 /prefetch:1 --vscode-window-config=vscode:9e3963b0-4d1d-4f46-8b42-00626178d459", "Action": "kill"}{"Time": "07/25/2021 12:43:15 PM", "LogName": "Microsoft-Windows-Sysmon/Operational", "EventCode": "1", "EventType": "4", "ComputerName": "win1", "User": "WIN1\\admin", "Sid": "S-1-5-18", "SidType": "0", "SourceName": "Microsoft-Windows-Sysmon", "Type": "Process", "RecordNumber": "231583", "Keywords": "None", "TaskCategory": "Process Create (rule: ProcessCreate)", "OpCode": "Info", "Message": "Renamed", "RuleName": "technique_id: T1204,technique_name=User Execution", "UtcTime": "2021-07-25 12:43:15.173", "ProcessGuid": "{67BF5A87-5C63-60FD-2C0F-000000002900}", "ProcessId": "3036", "Image": "C:\\Program Files\\Git\\git-bash.exe", "FileVersion": "-", "Description": "Git for Windows", "Product": "Git", "Company": "The Git Development Community", "OriginalFileName": "git.exe", "CommandLine": "\"C:\\Program Files\\Git\\git-bash.exe\" \"--cd: C:\\Users\\admin\\Desktop.\"", "CurrentDirectory": "C:\\Users\\admin\\Desktop\\", "LogonGuid": "{67BF5A87-2513-60FD-4BD2-410000000000}", "LogonId": "0x41D24B", "TerminalSessionId": "2", "IntegrityLevel": "Medium", "Hashes": "SHA1: 3671DECE6F2894D3CCDC1C73406B1285761B2CD5,MD5=622D32D012AF32A375E4871A39AF995D,SHA256=70400A8C9A52D90D98F626A3B71B3170E4FC83CC1E83C34A33C478562E05B48A,IMPHASH=B5C28AB8B10670F75EB53AFFC23558E6", "ParentProcessGuid": "{67BF5A87-2514-60FD-A407-000000002900}", "ParentProcessId": "2528", "ParentImage": "C:\\Windows\\explorer.exe", "ParentCommandLine": "C:\\Windows\\Explorer.EXE", "Action": "getfile"}{"Time": "07/25/2021 12:43:15 PM", "LogName": "Microsoft-Windows-Sysmon/Operational", "EventCode": "1", "EventType": "4", "ComputerName": "win1", "User": "WIN1\\admin", "Sid": "S-1-5-18", "SidType": "0", "SourceName": "Microsoft-Windows-Sysmon", "Type": "Process", "RecordNumber": "231583", "Keywords": "None", "TaskCategory": "Process Create (rule: ProcessCreate)", "OpCode": "Info", "Message": "Renamed", "RuleName": "technique_id: T1204,technique_name=User Execution", "UtcTime": "2021-07-25 12:43:15.173", "ProcessGuid": "{67BF5A87-5C63-60FD-2C0F-000000002900}", "ProcessId": "3036", "Image": "C:\\Program Files\\Git\\git-bash.exe", "FileVersion": "-", "Description": "Git for Windows", "Product": "Git", "Company": "The Git Development Community", "OriginalFileName": "git.exe", "CommandLine": "\"C:\\Program Files\\Git\\git-bash.exe\" \"--cd: C:\\Users\\admin\\Desktop.\"", "CurrentDirectory": "C:\\Users\\admin\\Desktop\\", "LogonGuid": "{67BF5A87-2513-60FD-4BD2-410000000000}", "LogonId": "0x41D24B", "TerminalSessionId": "2", "IntegrityLevel": "Medium", "Hashes": "SHA1: 3671DECE6F2894D3CCDC1C73406B1285761B2CD5,MD5=622D32D012AF32A375E4871A39AF995D,SHA256=70400A8C9A52D90D98F626A3B71B3170E4FC83CC1E83C34A33C478562E05B48A,IMPHASH=B5C28AB8B10670F75EB53AFFC23558E6", "ParentProcessGuid": "{67BF5A87-2514-60FD-A407-000000002900}", "ParentProcessId": "2528", "ParentImage": "C:\\Windows\\explorer.exe", "ParentCommandLine": "C:\\Windows\\Explorer.EXE", "Action": "suspend"}{"Time": "07/25/2021 12:44:47 PM", "LogName": "Microsoft-Windows-Sysmon/Operational", "EventCode": "1", "EventType": "4", "ComputerName": "win1", "User": "WIN1\\admin", "Sid": "S-1-5-18", "SidType": "0", "SourceName": "Microsoft-Windows-Sysmon", "Type": "Process", "RecordNumber": "232106", "Keywords": "None", "TaskCategory": "Process Create (rule: ProcessCreate)", "OpCode": "Info", "Message": "Renamed", "RuleName": "technique_id: T1036,technique_name=Masquerading", "UtcTime": "2021-07-25 12:44:47.626", "ProcessGuid": "{67BF5A87-5CBF-60FD-BE0F-000000002900}", "ProcessId": "3628", "Image": "C:\\Users\\admin\\AppData\\Local\\Programs\\Microsoft VS Code\\Code.exe", "FileVersion": "1.58.2", "Description": "Visual Studio Code", "Product": "Visual Studio Code", "Company": "Microsoft Corporation", "OriginalFileName": "electron.exe", "CommandLine": "\"C:\\Users\\admin\\AppData\\Local\\Programs\\Microsoft VS Code\\Code.exe\" --type: utility --utility-sub-type=network.mojom.NetworkService --field-trial-handle=1272,3686558453365587352,15985782835306793609,131072 --enable-features=WebComponentsV0Enabled --disable-features=CalculateNativeWinOcclusion,CertVerifierService,CookiesWithoutSameSiteMustBeSecure,SameSiteByDefaultCookies,SpareRendererForSitePerProcess --lang=en-US --service-sandbox-type=network --standard-schemes=vscode-webview,vscode-file --secure-schemes=vscode-webview,vscode-file --bypasscsp-schemes --cors-schemes=vscode-webview,vscode-file --fetch-schemes=vscode-webview,vscode-file --service-worker-schemes=vscode-webview --streaming-schemes --mojo-platform-channel-handle=1684 /prefetch:8", "CurrentDirectory": "C:\\Users\\admin\\AppData\\Local\\Programs\\Microsoft VS Code\\", "LogonGuid": "{67BF5A87-2513-60FD-4BD2-410000000000}", "LogonId": "0x41D24B", "TerminalSessionId": "2", "IntegrityLevel": "Medium", "Hashes": "SHA1: 9D8FFE51F1C7327F6C8B8EE4073BDD1D1A2E69A1,MD5=9BB0532924D06B3B613CE91D20418553,SHA256=197E943C4410053AE57D08857B3DDD38AC7C3178AB6132691467CB1ECBF9C336,IMPHASH=15D14286ED161FEE58DD8D9061783EC2", "ParentProcessGuid": "{67BF5A87-5CBE-60FD-BB0F-000000002900}", "ParentProcessId": "3968", "ParentImage": "C:\\Users\\admin\\AppData\\Local\\Programs\\Microsoft VS Code\\Code.exe", "ParentCommandLine": "\"C:\\Users\\admin\\AppData\\Local\\Programs\\Microsoft VS Code\\Code.exe\" .", "Action": "getfile"}{"Time": "07/25/2021 12:43:15 PM", "LogName": "Microsoft-Windows-Sysmon/Operational", "EventCode": "1", "EventType": "4", "ComputerName": "win1", "User": "WIN1\\admin", "Sid": "S-1-5-18", "SidType": "0", "SourceName": "Microsoft-Windows-Sysmon", "Type": "Process", "RecordNumber": "231583", "Keywords": "None", "TaskCategory": "Process Create (rule: ProcessCreate)", "OpCode": "Info", "Message": "Renamed", "RuleName": "technique_id: T1204,technique_name=User Execution", "UtcTime": "2021-07-25 12:43:15.173", "ProcessGuid": "{67BF5A87-5C63-60FD-2C0F-000000002900}", "ProcessId": "3036", "Image": "C:\\Program Files\\Git\\git-bash.exe", "FileVersion": "-", "Description": "Git for Windows", "Product": "Git", "Company": "The Git Development Community", "OriginalFileName": "git.exe", "CommandLine": "\"C:\\Program Files\\Git\\git-bash.exe\" \"--cd: C:\\Users\\admin\\Desktop.\"", "CurrentDirectory": "C:\\Users\\admin\\Desktop\\", "LogonGuid": "{67BF5A87-2513-60FD-4BD2-410000000000}", "LogonId": "0x41D24B", "TerminalSessionId": "2", "IntegrityLevel": "Medium", "Hashes": "SHA1: 3671DECE6F2894D3CCDC1C73406B1285761B2CD5,MD5=622D32D012AF32A375E4871A39AF995D,SHA256=70400A8C9A52D90D98F626A3B71B3170E4FC83CC1E83C34A33C478562E05B48A,IMPHASH=B5C28AB8B10670F75EB53AFFC23558E6", "ParentProcessGuid": "{67BF5A87-2514-60FD-A407-000000002900}", "ParentProcessId": "2528", "ParentImage": "C:\\Windows\\explorer.exe", "ParentCommandLine": "C:\\Windows\\Explorer.EXE", "Action": "suspend"}{"Time": "07/25/2021 01:12:22 PM", "LogName": "Microsoft-Windows-Sysmon/Operational", "EventCode": "1", "EventType": "4", "ComputerName": "win1", "User": "WIN1\\admin", "Sid": "S-1-5-18", "SidType": "0", "SourceName": "Microsoft-Windows-Sysmon", "Type": "Process", "RecordNumber": "237231", "Keywords": "None", "TaskCategory": "Process Create (rule: ProcessCreate)", "OpCode": "Info", "Message": "null", "RuleName": "technique_id: T1086,technique_name=PowerShell", "UtcTime": "2021-07-25 13:12:22.788", "ProcessGuid": "{67BF5A87-6336-60FD-C311-000000002900}", "ProcessId": "2480", "Image": "C:\\Windows\\System32\\PING.EXE", "FileVersion": "6.3.9600.17415 (winblue_r4.141028-1500)", "Description": "TCP/IP Ping Command", "Product": "Microsoft\u00ae Windows\u00ae Operating System", "Company": "Microsoft Corporation", "OriginalFileName": "ping.exe", "CommandLine": "\"C:\\Windows\\system32\\PING.EXE\" -t google.com", "CurrentDirectory": "C:\\Users\\admin\\", "LogonGuid": "{67BF5A87-2513-60FD-4BD2-410000000000}", "LogonId": "0x41D24B", "TerminalSessionId": "2", "IntegrityLevel": "Medium", "Hashes": "SHA1: BFFC28401D8E1FDCB634434330BC8C1E221AAE62,MD5=A41659711F3B9B48AFBA65BCD5C8C4E2,SHA256=A510579A207C53BA35EF3551D2D62CFD9FE0E9D7F13C1DD6BEB8CED0D7F1154E,IMPHASH=6B6159B87DF007522FA0A5C23FAFB207", "ParentProcessGuid": "{67BF5A87-632E-60FD-C111-000000002900}", "ParentProcessId": "3472", "ParentImage": "C:\\Windows\\System32\\WindowsPowerShell\\v1.0\\powershell.exe", "ParentCommandLine": "\"C:\\Windows\\System32\\WindowsPowerShell\\v1.0\\powershell.exe\"", "Action": "kill"}{"Time": "07/29/2021 04:01:39 PM", "LogName": "Microsoft-Windows-Sysmon/Operational", "EventCode": "1", "EventType": "4", "ComputerName": "win1", "User": "WIN1\\admin", "Sid": "S-1-5-18", "SidType": "0", "SourceName": "Microsoft-Windows-Sysmon", "Type": "Process", "RecordNumber": "291799", "Keywords": "None", "TaskCategory": "Process Create (rule: ProcessCreate)", "OpCode": "Info", "Message": "Renamed", "RuleName": "technique_id: T1036,technique_name=Masquerading", "UtcTime": "2021-07-29 16:01:39.370", "ProcessGuid": "{67BF5A87-D0E3-6102-9502-000000002E00}", "ProcessId": "2692", "Image": "C:\\Users\\admin\\AppData\\Local\\Programs\\Microsoft VS Code\\Code.exe", "FileVersion": "1.58.2", "Description": "Visual Studio Code", "Product": "Visual Studio Code", "Company": "Microsoft Corporation", "OriginalFileName": "electron.exe", "CommandLine": "\"C:\\Users\\admin\\AppData\\Local\\Programs\\Microsoft VS Code\\Code.exe\" --type: crashpad-handler --user-data-dir=C:\\Users\\admin\\AppData\\Roaming\\Code /prefetch:7 --no-rate-limit --monitor-self-annotation=ptype=crashpad-handler --database=C:\\Users\\admin\\AppData\\Roaming\\Code\\Crashpad --url=appcenter://code?aid=a4e3233c-699c-46ec-b4f4-9c2a77254662&uid=c57968e0-3d82-4ae1-9c21-5ce3448e5bd4&iid=c57968e0-3d82-4ae1-9c21-5ce3448e5bd4&sid=c57968e0-3d82-4ae1-9c21-5ce3448e5bd4 --annotation=_companyName=Microsoft --annotation=_productName=VSCode --annotation=_version=1.58.2 --annotation=prod=Electron --annotation=ver=12.0.13 --initial-client-data=0x33c,0x340,0x344,0x314,0x348,0x7ff7f29dbed0,0x7ff7f29dbee0,0x7ff7f29dbef0", "CurrentDirectory": "C:\\Users\\admin\\AppData\\Local\\Programs\\Microsoft VS Code\\", "LogonGuid": "{67BF5A87-CE74-6102-1CF6-100000000000}", "LogonId": "0x10F61C", "TerminalSessionId": "2", "IntegrityLevel": "Medium", "Hashes": "SHA1: 9D8FFE51F1C7327F6C8B8EE4073BDD1D1A2E69A1,MD5=9BB0532924D06B3B613CE91D20418553,SHA256=197E943C4410053AE57D08857B3DDD38AC7C3178AB6132691467CB1ECBF9C336,IMPHASH=15D14286ED161FEE58DD8D9061783EC2", "ParentProcessGuid": "{67BF5A87-D0E2-6102-9402-000000002E00}", "ParentProcessId": "2852", "ParentImage": "C:\\Users\\admin\\AppData\\Local\\Programs\\Microsoft VS Code\\Code.exe", "ParentCommandLine": "\"C:\\Users\\admin\\AppData\\Local\\Programs\\Microsoft VS Code\\Code.exe\" .", "Action": "getfile"}{"Time": "07/29/2021 10:04:04 AM", "LogName": "Microsoft-Windows-Sysmon/Operational", "EventCode": "1", "EventType": "4", "ComputerName": "win1", "User": "WIN1\\admin", "Sid": "S-1-5-18", "SidType": "0", "SourceName": "Microsoft-Windows-Sysmon", "Type": "Process", "RecordNumber": "290676", "Keywords": "None", "TaskCategory": "Process Create (rule: ProcessCreate)", "OpCode": "Info", "Message": "Renamed", "RuleName": "technique_id: T1204,technique_name=User Execution", "UtcTime": "2021-07-29 10:04:03.586", "ProcessGuid": "{67BF5A87-7D13-6102-BF00-000000002D00}", "ProcessId": "3104", "Image": "C:\\Program Files\\OpenVPN\\bin\\openvpn-gui.exe", "FileVersion": "-", "Description": "-", "Product": "-", "Company": "-", "OriginalFileName": "-", "CommandLine": "\"C:\\Program Files\\OpenVPN\\bin\\openvpn-gui.exe\" ", "CurrentDirectory": "C:\\Windows\\system32\\", "LogonGuid": "{67BF5A87-7D05-6102-61FF-080000000000}", "LogonId": "0x8FF61", "TerminalSessionId": "2", "IntegrityLevel": "Medium", "Hashes": "SHA1: 24285D77D8137AF3A946C80F625B96FA93232071,MD5=3DFF38B1E256305B0E96DC652AC6A89E,SHA256=437D42DD23EED44DD50B2F9C5959FD0C6639C0D61B4194957B831F5CA726420D,IMPHASH=D5D7F59BFD5885CBD5230FAEEFCA6F06", "ParentProcessGuid": "{67BF5A87-7D07-6102-B800-000000002D00}", "ParentProcessId": "588", "ParentImage": "C:\\Windows\\explorer.exe", "ParentCommandLine": "C:\\Windows\\Explorer.EXE", "Action": "getfile"}{"Time": "07/29/2021 10:04:04 AM", "LogName": "Microsoft-Windows-Sysmon/Operational", "EventCode": "1", "EventType": "4", "ComputerName": "win1", "User": "WIN1\\admin", "Sid": "S-1-5-18", "SidType": "0", "SourceName": "Microsoft-Windows-Sysmon", "Type": "Process", "RecordNumber": "290676", "Keywords": "None", "TaskCategory": "Process Create (rule: ProcessCreate)", "OpCode": "Info", "Message": "Renamed", "RuleName": "technique_id: T1204,technique_name=User Execution", "UtcTime": "2021-07-29 10:04:03.586", "ProcessGuid": "{67BF5A87-7D13-6102-BF00-000000002D00}", "ProcessId": "3104", "Image": "C:\\Program Files\\OpenVPN\\bin\\openvpn-gui.exe", "FileVersion": "-", "Description": "-", "Product": "-", "Company": "-", "OriginalFileName": "-", "CommandLine": "\"C:\\Program Files\\OpenVPN\\bin\\openvpn-gui.exe\" ", "CurrentDirectory": "C:\\Windows\\system32\\", "LogonGuid": "{67BF5A87-7D05-6102-61FF-080000000000}", "LogonId": "0x8FF61", "TerminalSessionId": "2", "IntegrityLevel": "Medium", "Hashes": "SHA1: 24285D77D8137AF3A946C80F625B96FA93232071,MD5=3DFF38B1E256305B0E96DC652AC6A89E,SHA256=437D42DD23EED44DD50B2F9C5959FD0C6639C0D61B4194957B831F5CA726420D,IMPHASH=D5D7F59BFD5885CBD5230FAEEFCA6F06", "ParentProcessGuid": "{67BF5A87-7D07-6102-B800-000000002D00}", "ParentProcessId": "588", "ParentImage": "C:\\Windows\\explorer.exe", "ParentCommandLine": "C:\\Windows\\Explorer.EXE", "Action": "getfile"}{"Time": "07/29/2021 10:04:04 AM", "LogName": "Microsoft-Windows-Sysmon/Operational", "EventCode": "1", "EventType": "4", "ComputerName": "win1", "User": "WIN1\\admin", "Sid": "S-1-5-18", "SidType": "0", "SourceName": "Microsoft-Windows-Sysmon", "Type": "Process", "RecordNumber": "290676", "Keywords": "None", "TaskCategory": "Process Create (rule: ProcessCreate)", "OpCode": "Info", "Message": "Renamed", "RuleName": "technique_id: T1204,technique_name=User Execution", "UtcTime": "2021-07-29 10:04:03.586", "ProcessGuid": "{67BF5A87-7D13-6102-BF00-000000002D00}", "ProcessId": "3104", "Image": "C:\\Program Files\\OpenVPN\\bin\\openvpn-gui.exe", "FileVersion": "-", "Description": "-", "Product": "-", "Company": "-", "OriginalFileName": "-", "CommandLine": "\"C:\\Program Files\\OpenVPN\\bin\\openvpn-gui.exe\" ", "CurrentDirectory": "C:\\Windows\\system32\\", "LogonGuid": "{67BF5A87-7D05-6102-61FF-080000000000}", "LogonId": "0x8FF61", "TerminalSessionId": "2", "IntegrityLevel": "Medium", "Hashes": "SHA1: 24285D77D8137AF3A946C80F625B96FA93232071,MD5=3DFF38B1E256305B0E96DC652AC6A89E,SHA256=437D42DD23EED44DD50B2F9C5959FD0C6639C0D61B4194957B831F5CA726420D,IMPHASH=D5D7F59BFD5885CBD5230FAEEFCA6F06", "ParentProcessGuid": "{67BF5A87-7D07-6102-B800-000000002D00}", "ParentProcessId": "588", "ParentImage": "C:\\Windows\\explorer.exe", "ParentCommandLine": "C:\\Windows\\Explorer.EXE", "Action": "getfile"}{"Time": "07/29/2021 03:55:33 PM", "LogName": "Microsoft-Windows-Sysmon/Operational", "EventCode": "1", "EventType": "4", "ComputerName": "win1", "User": "WIN1\\admin", "Sid": "S-1-5-18", "SidType": "0", "SourceName": "Microsoft-Windows-Sysmon", "Type": "Process", "RecordNumber": "291408", "Keywords": "None", "TaskCategory": "Process Create (rule: ProcessCreate)", "OpCode": "Info", "Message": "Renamed", "RuleName": "technique_id: T1204,technique_name=User Execution", "UtcTime": "2021-07-29 15:55:33.588", "ProcessGuid": "{67BF5A87-CF75-6102-0502-000000002E00}", "ProcessId": "3016", "Image": "C:\\Program Files\\Git\\git-bash.exe", "FileVersion": "-", "Description": "Git for Windows", "Product": "Git", "Company": "The Git Development Community", "OriginalFileName": "git.exe", "CommandLine": "\"C:\\Program Files\\Git\\git-bash.exe\" \"--cd: C:\\Users\\admin\\Desktop.\"", "CurrentDirectory": "C:\\Users\\admin\\Desktop\\", "LogonGuid": "{67BF5A87-CE74-6102-1CF6-100000000000}", "LogonId": "0x10F61C", "TerminalSessionId": "2", "IntegrityLevel": "Medium", "Hashes": "SHA1: 3671DECE6F2894D3CCDC1C73406B1285761B2CD5,MD5=622D32D012AF32A375E4871A39AF995D,SHA256=70400A8C9A52D90D98F626A3B71B3170E4FC83CC1E83C34A33C478562E05B48A,IMPHASH=B5C28AB8B10670F75EB53AFFC23558E6", "ParentProcessGuid": "{67BF5A87-CE75-6102-DF01-000000002E00}", "ParentProcessId": "1716", "ParentImage": "C:\\Windows\\explorer.exe", "ParentCommandLine": "C:\\Windows\\Explorer.EXE", "Action": "kill"}{"Time": "07/29/2021 03:55:33 PM", "LogName": "Microsoft-Windows-Sysmon/Operational", "EventCode": "1", "EventType": "4", "ComputerName": "win1", "User": "WIN1\\admin", "Sid": "S-1-5-18", "SidType": "0", "SourceName": "Microsoft-Windows-Sysmon", "Type": "Process", "RecordNumber": "291408", "Keywords": "None", "TaskCategory": "Process Create (rule: ProcessCreate)", "OpCode": "Info", "Message": "Renamed", "RuleName": "technique_id: T1204,technique_name=User Execution", "UtcTime": "2021-07-29 15:55:33.588", "ProcessGuid": "{67BF5A87-CF75-6102-0502-000000002E00}", "ProcessId": "3016", "Image": "C:\\Program Files\\Git\\git-bash.exe", "FileVersion": "-", "Description": "Git for Windows", "Product": "Git", "Company": "The Git Development Community", "OriginalFileName": "git.exe", "CommandLine": "\"C:\\Program Files\\Git\\git-bash.exe\" \"--cd: C:\\Users\\admin\\Desktop.\"", "CurrentDirectory": "C:\\Users\\admin\\Desktop\\", "LogonGuid": "{67BF5A87-CE74-6102-1CF6-100000000000}", "LogonId": "0x10F61C", "TerminalSessionId": "2", "IntegrityLevel": "Medium", "Hashes": "SHA1: 3671DECE6F2894D3CCDC1C73406B1285761B2CD5,MD5=622D32D012AF32A375E4871A39AF995D,SHA256=70400A8C9A52D90D98F626A3B71B3170E4FC83CC1E83C34A33C478562E05B48A,IMPHASH=B5C28AB8B10670F75EB53AFFC23558E6", "ParentProcessGuid": "{67BF5A87-CE75-6102-DF01-000000002E00}", "ParentProcessId": "1716", "ParentImage": "C:\\Windows\\explorer.exe", "ParentCommandLine": "C:\\Windows\\Explorer.EXE", "Action": "kill"}{"Time": "07/29/2021 04:01:37 PM", "LogName": "Microsoft-Windows-Sysmon/Operational", "EventCode": "1", "EventType": "4", "ComputerName": "win1", "User": "WIN1\\admin", "Sid": "S-1-5-18", "SidType": "0", "SourceName": "Microsoft-Windows-Sysmon", "Type": "Process", "RecordNumber": "291790", "Keywords": "None", "TaskCategory": "Process Create (rule: ProcessCreate)", "OpCode": "Info", "Message": "Renamed", "RuleName": "technique_id: T1036,technique_name=Masquerading", "UtcTime": "2021-07-29 16:01:35.979", "ProcessGuid": "{67BF5A87-D0DF-6102-9302-000000002E00}", "ProcessId": "3036", "Image": "C:\\Users\\admin\\AppData\\Local\\Programs\\Microsoft VS Code\\Code.exe", "FileVersion": "1.58.2", "Description": "Visual Studio Code", "Product": "Visual Studio Code", "Company": "Microsoft Corporation", "OriginalFileName": "electron.exe", "CommandLine": "\"C:\\Users\\admin\\AppData\\Local\\Programs\\Microsoft VS Code\\Code.exe\" \"C:/Users/admin/AppData/Local/Programs/Microsoft VS Code/resources/app/out/cli.js\" .", "CurrentDirectory": "C:\\Users\\admin\\Desktop\\ATTH_EDR\\", "LogonGuid": "{67BF5A87-CE74-6102-1CF6-100000000000}", "LogonId": "0x10F61C", "TerminalSessionId": "2", "IntegrityLevel": "Medium", "Hashes": "SHA1: 9D8FFE51F1C7327F6C8B8EE4073BDD1D1A2E69A1,MD5=9BB0532924D06B3B613CE91D20418553,SHA256=197E943C4410053AE57D08857B3DDD38AC7C3178AB6132691467CB1ECBF9C336,IMPHASH=15D14286ED161FEE58DD8D9061783EC2", "ParentProcessGuid": "{67BF5A87-D0DF-6102-9202-000000002E00}", "ParentProcessId": "1992", "ParentImage": "C:\\Program Files\\Git\\usr\\bin\\sh.exe", "ParentCommandLine": "\"C:\\Program Files\\Git\\usr\\bin\\sh.exe\" \"/c/Users/admin/AppData/Local/Programs/Microsoft VS Code/bin/code\" .", "Action": "getfile"}{"Time": "08/01/2021 12:24:16 PM", "LogName": "Microsoft-Windows-Sysmon/Operational", "EventCode": "1", "EventType": "4", "ComputerName": "win1", "User": "WIN1\\admin", "Sid": "S-1-5-18", "SidType": "0", "SourceName": "Microsoft-Windows-Sysmon", "Type": "Process", "RecordNumber": "477818", "Keywords": "None", "TaskCategory": "Process Create (rule: ProcessCreate)", "OpCode": "Info", "Message": "Renamed", "RuleName": "technique_id: T1036,technique_name=Masquerading", "UtcTime": "2021-08-01 12:24:14.820", "ProcessGuid": "{67BF5A87-926E-6106-9B00-000000003000}", "ProcessId": "3832", "Image": "C:\\Users\\admin\\AppData\\Local\\Programs\\Microsoft VS Code\\Code.exe", "FileVersion": "1.58.2", "Description": "Visual Studio Code", "Product": "Visual Studio Code", "Company": "Microsoft Corporation", "OriginalFileName": "electron.exe", "CommandLine": "\"C:\\Users\\admin\\AppData\\Local\\Programs\\Microsoft VS Code\\Code.exe\" ", "CurrentDirectory": "C:\\Users\\admin\\AppData\\Local\\Programs\\Microsoft VS Code\\", "LogonGuid": "{67BF5A87-9230-6106-60BB-050000000000}", "LogonId": "0x5BB60", "TerminalSessionId": "2", "IntegrityLevel": "Medium", "Hashes": "SHA1: 9D8FFE51F1C7327F6C8B8EE4073BDD1D1A2E69A1,MD5=9BB0532924D06B3B613CE91D20418553,SHA256=197E943C4410053AE57D08857B3DDD38AC7C3178AB6132691467CB1ECBF9C336,IMPHASH=15D14286ED161FEE58DD8D9061783EC2", "ParentProcessGuid": "{67BF5A87-9231-6106-8100-000000003000}", "ParentProcessId": "1864", "ParentImage": "C:\\Windows\\explorer.exe", "ParentCommandLine": "C:\\Windows\\Explorer.EXE", "Action": "getfile"}{"Time": "08/02/2021 09:43:15 AM", "LogName": "Microsoft-Windows-Sysmon/Operational", "EventCode": "1", "EventType": "4", "ComputerName": "win1", "User": "WIN1\\admin", "Sid": "S-1-5-18", "SidType": "0", "SourceName": "Microsoft-Windows-Sysmon", "Type": "Process", "RecordNumber": "505763", "Keywords": "None", "TaskCategory": "Process Create (rule: ProcessCreate)", "OpCode": "Info", "Message": "Renamed", "RuleName": "technique_id: T1204,technique_name=User Execution", "UtcTime": "2021-08-02 09:43:14.934", "ProcessGuid": "{67BF5A87-BE32-6107-9E00-000000003400}", "ProcessId": "2420", "Image": "C:\\Program Files\\OpenVPN\\bin\\openvpn-gui.exe", "FileVersion": "-", "Description": "-", "Product": "-", "Company": "-", "OriginalFileName": "-", "CommandLine": "\"C:\\Program Files\\OpenVPN\\bin\\openvpn-gui.exe\" ", "CurrentDirectory": "C:\\Windows\\system32\\", "LogonGuid": "{67BF5A87-BE25-6107-99B0-060000000000}", "LogonId": "0x6B099", "TerminalSessionId": "2", "IntegrityLevel": "Medium", "Hashes": "SHA1: 24285D77D8137AF3A946C80F625B96FA93232071,MD5=3DFF38B1E256305B0E96DC652AC6A89E,SHA256=437D42DD23EED44DD50B2F9C5959FD0C6639C0D61B4194957B831F5CA726420D,IMPHASH=D5D7F59BFD5885CBD5230FAEEFCA6F06", "ParentProcessGuid": "{67BF5A87-BE26-6107-9500-000000003400}", "ParentProcessId": "2860", "ParentImage": "C:\\Windows\\explorer.exe", "ParentCommandLine": "C:\\Windows\\Explorer.EXE", "Action": "getfile"}{"Time": "08/02/2021 09:43:15 AM", "LogName": "Microsoft-Windows-Sysmon/Operational", "EventCode": "1", "EventType": "4", "ComputerName": "win1", "User": "WIN1\\admin", "Sid": "S-1-5-18", "SidType": "0", "SourceName": "Microsoft-Windows-Sysmon", "Type": "Process", "RecordNumber": "505763", "Keywords": "None", "TaskCategory": "Process Create (rule: ProcessCreate)", "OpCode": "Info", "Message": "Renamed", "RuleName": "technique_id: T1204,technique_name=User Execution", "UtcTime": "2021-08-02 09:43:14.934", "ProcessGuid": "{67BF5A87-BE32-6107-9E00-000000003400}", "ProcessId": "2420", "Image": "C:\\Program Files\\OpenVPN\\bin\\openvpn-gui.exe", "FileVersion": "-", "Description": "-", "Product": "-", "Company": "-", "OriginalFileName": "-", "CommandLine": "\"C:\\Program Files\\OpenVPN\\bin\\openvpn-gui.exe\" ", "CurrentDirectory": "C:\\Windows\\system32\\", "LogonGuid": "{67BF5A87-BE25-6107-99B0-060000000000}", "LogonId": "0x6B099", "TerminalSessionId": "2", "IntegrityLevel": "Medium", "Hashes": "SHA1: 24285D77D8137AF3A946C80F625B96FA93232071,MD5=3DFF38B1E256305B0E96DC652AC6A89E,SHA256=437D42DD23EED44DD50B2F9C5959FD0C6639C0D61B4194957B831F5CA726420D,IMPHASH=D5D7F59BFD5885CBD5230FAEEFCA6F06", "ParentProcessGuid": "{67BF5A87-BE26-6107-9500-000000003400}", "ParentProcessId": "2860", "ParentImage": "C:\\Windows\\explorer.exe", "ParentCommandLine": "C:\\Windows\\Explorer.EXE", "Action": "getfile"}{"Time": "08/02/2021 09:43:15 AM", "LogName": "Microsoft-Windows-Sysmon/Operational", "EventCode": "1", "EventType": "4", "ComputerName": "win1", "User": "WIN1\\admin", "Sid": "S-1-5-18", "SidType": "0", "SourceName": "Microsoft-Windows-Sysmon", "Type": "Process", "RecordNumber": "505763", "Keywords": "None", "TaskCategory": "Process Create (rule: ProcessCreate)", "OpCode": "Info", "Message": "Renamed", "RuleName": "technique_id: T1204,technique_name=User Execution", "UtcTime": "2021-08-02 09:43:14.934", "ProcessGuid": "{67BF5A87-BE32-6107-9E00-000000003400}", "ProcessId": "2420", "Image": "C:\\Program Files\\OpenVPN\\bin\\openvpn-gui.exe", "FileVersion": "-", "Description": "-", "Product": "-", "Company": "-", "OriginalFileName": "-", "CommandLine": "\"C:\\Program Files\\OpenVPN\\bin\\openvpn-gui.exe\" ", "CurrentDirectory": "C:\\Windows\\system32\\", "LogonGuid": "{67BF5A87-BE25-6107-99B0-060000000000}", "LogonId": "0x6B099", "TerminalSessionId": "2", "IntegrityLevel": "Medium", "Hashes": "SHA1: 24285D77D8137AF3A946C80F625B96FA93232071,MD5=3DFF38B1E256305B0E96DC652AC6A89E,SHA256=437D42DD23EED44DD50B2F9C5959FD0C6639C0D61B4194957B831F5CA726420D,IMPHASH=D5D7F59BFD5885CBD5230FAEEFCA6F06", "ParentProcessGuid": "{67BF5A87-BE26-6107-9500-000000003400}", "ParentProcessId": "2860", "ParentImage": "C:\\Windows\\explorer.exe", "ParentCommandLine": "C:\\Windows\\Explorer.EXE", "Action": "getfile"}{"Time": "08/02/2021 10:38:02 AM", "LogName": "Microsoft-Windows-Sysmon/Operational", "EventCode": "11", "EventType": "4", "ComputerName": "win1", "User": "NOT_TRANSLATED", "Sid": "S-1-5-18", "SidType": "0", "SourceName": "Microsoft-Windows-Sysmon", "Type": "File", "RecordNumber": "509760", "Keywords": "None", "TaskCategory": "File created (rule: FileCreate)", "OpCode": "Info", "Message": "Potentially", "RuleName": "-", "UtcTime": "2021-08-02 10:38:02.394", "ProcessGuid": "{67BF5A87-CB0A-6107-2501-000000003500}", "ProcessId": "3652", "Image": "C:\\Program Files\\Go\\pkg\\tool\\windows_amd64\\link.exe", "TargetFilename": "C:\\Users\\admin\\AppData\\Local\\Temp\\2\\go-build1897822121\\b001\\exe\\main.exe", "CreationUtcTime": "2021-08-02 10:38:02.394", "Action": "getfile"}{"Time": "08/02/2021 10:38:02 AM", "LogName": "Microsoft-Windows-Sysmon/Operational", "EventCode": "11", "EventType": "4", "ComputerName": "win1", "User": "NOT_TRANSLATED", "Sid": "S-1-5-18", "SidType": "0", "SourceName": "Microsoft-Windows-Sysmon", "Type": "File", "RecordNumber": "509760", "Keywords": "None", "TaskCategory": "File created (rule: FileCreate)", "OpCode": "Info", "Message": "Executable", "RuleName": "-", "UtcTime": "2021-08-02 10:38:02.394", "ProcessGuid": "{67BF5A87-CB0A-6107-2501-000000003500}", "ProcessId": "3652", "Image": "C:\\Program Files\\Go\\pkg\\tool\\windows_amd64\\link.exe", "TargetFilename": "C:\\Users\\admin\\AppData\\Local\\Temp\\2\\go-build1897822121\\b001\\exe\\main.exe", "CreationUtcTime": "2021-08-02 10:38:02.394", "Action": "delete"}{"Time": "08/02/2021 09:43:34 AM", "LogName": "Microsoft-Windows-Sysmon/Operational", "EventCode": "1", "EventType": "4", "ComputerName": "win1", "User": "WIN1\\admin", "Sid": "S-1-5-18", "SidType": "0", "SourceName": "Microsoft-Windows-Sysmon", "Type": "Process", "RecordNumber": "505772", "Keywords": "None", "TaskCategory": "Process Create (rule: ProcessCreate)", "OpCode": "Info", "Message": "null", "RuleName": "technique_id: T1086,technique_name=PowerShell", "UtcTime": "2021-08-02 09:43:34.343", "ProcessGuid": "{67BF5A87-BE46-6107-AA00-000000003400}", "ProcessId": "3348", "Image": "C:\\Windows\\System32\\WindowsPowerShell\\v1.0\\powershell.exe", "FileVersion": "10.0.14409.1005 (rs1_srvoob.161208-1155)", "Description": "Windows PowerShell", "Product": "Microsoft\u00ae Windows\u00ae Operating System", "Company": "Microsoft Corporation", "OriginalFileName": "PowerShell.EXE", "CommandLine": "\"C:\\Windows\\System32\\WindowsPowerShell\\v1.0\\powershell.exe\" ", "CurrentDirectory": "C:\\Windows\\system32\\", "LogonGuid": "{67BF5A87-BE25-6107-7AB0-060000000000}", "LogonId": "0x6B07A", "TerminalSessionId": "2", "IntegrityLevel": "High", "Hashes": "SHA1: E5B0A0F4A59D6D5377332EECE20F8F3DF5CEBE4E,MD5=B3AD5364CF04B6AB05616DD483AAF618,SHA256=7375ADEDB82FD62CEFC6B6FD20A704A164E056022F3B8C2E1B94F3A9B8361478,IMPHASH=CAEE994F79D85E47C06E5FA9CDEAE453", "ParentProcessGuid": "{67BF5A87-BE26-6107-9500-000000003400}", "ParentProcessId": "2860", "ParentImage": "C:\\Windows\\explorer.exe", "ParentCommandLine": "C:\\Windows\\Explorer.EXE", "Action": "suspend"}{"Time": "08/02/2021 10:38:18 AM", "LogName": "Microsoft-Windows-Sysmon/Operational", "EventCode": "7", "EventType": "4", "ComputerName": "win1", "User": "NOT_TRANSLATED", "Sid": "S-1-5-18", "SidType": "0", "SourceName": "Microsoft-Windows-Sysmon", "Type": "Registry", "RecordNumber": "509815", "Keywords": "None", "TaskCategory": "Image loaded (rule: ImageLoad)", "OpCode": "Info", "Message": "Drivers", "RuleName": "technique_id: T1059.001,technique_name=PowerShell", "UtcTime": "2021-08-02 10:38:18.452", "ProcessGuid": "{67BF5A87-CB18-6107-2901-000000003500}", "ProcessId": "3580", "Image": "C:\\Windows\\System32\\ServerManager.exe", "ImageLoaded": "C:\\Windows\\assembly\\NativeImages_v4.0.30319_64\\System.Manaa57fc8cc#\\ed68e6aaacd501ff02bf46c535425181\\System.Management.Automation.ni.dll", "FileVersion": "10.0.14409.1018", "Description": "System.Management.Automation", "Product": "Microsoft (R) Windows (R) Operating System", "Company": "Microsoft Corporation", "OriginalFileName": "System.Management.Automation.dll", "Hashes": "SHA1: A1B93F22661154856496C51453F6BB5613D4491E,MD5=91330232F4AF12A9040BF73F7DD411EB,SHA256=278209A33A4E2FE76719D963E42924E6A6A819B2B3B6F7F208038670AA69FF52,IMPHASH=00000000000000000000000000000000", "Signed": "false", "Signature": "-", "SignatureStatus": "Unavailable", "Action": "kill"}{"Time": "08/02/2021 10:38:18 AM", "LogName": "Microsoft-Windows-Sysmon/Operational", "EventCode": "7", "EventType": "4", "ComputerName": "win1", "User": "NOT_TRANSLATED", "Sid": "S-1-5-18", "SidType": "0", "SourceName": "Microsoft-Windows-Sysmon", "Type": "Registry", "RecordNumber": "509815", "Keywords": "None", "TaskCategory": "Image loaded (rule: ImageLoad)", "OpCode": "Info", "Message": "Drivers", "RuleName": "technique_id: T1059.001,technique_name=PowerShell", "UtcTime": "2021-08-02 10:38:18.452", "ProcessGuid": "{67BF5A87-CB18-6107-2901-000000003500}", "ProcessId": "3580", "Image": "C:\\Windows\\System32\\ServerManager.exe", "ImageLoaded": "C:\\Windows\\assembly\\NativeImages_v4.0.30319_64\\System.Manaa57fc8cc#\\ed68e6aaacd501ff02bf46c535425181\\System.Management.Automation.ni.dll", "FileVersion": "10.0.14409.1018", "Description": "System.Management.Automation", "Product": "Microsoft (R) Windows (R) Operating System", "Company": "Microsoft Corporation", "OriginalFileName": "System.Management.Automation.dll", "Hashes": "SHA1: A1B93F22661154856496C51453F6BB5613D4491E,MD5=91330232F4AF12A9040BF73F7DD411EB,SHA256=278209A33A4E2FE76719D963E42924E6A6A819B2B3B6F7F208038670AA69FF52,IMPHASH=00000000000000000000000000000000", "Signed": "false", "Signature": "-", "SignatureStatus": "Unavailable", "Action": "kill"}{"Time": "08/02/2021 09:39:16 AM", "LogName": "Microsoft-Windows-Sysmon/Operational", "EventCode": "12", "EventType": "CreateKey", "ComputerName": "win1", "User": "NOT_TRANSLATED", "Sid": "S-1-5-18", "SidType": "0", "SourceName": "Microsoft-Windows-Sysmon", "Type": "Registry", "RecordNumber": "505623", "Keywords": "None", "TaskCategory": "Registry object added or deleted (rule: RegistryEvent)", "OpCode": "Info", "Message": "null", "RuleName": "technique_id: Port Monitors,technique_name=Port Monitors", "UtcTime": "2021-08-02 09:39:16.764", "ProcessGuid": "{67BF5A87-BD32-6107-1A00-000000003400}", "ProcessId": "984", "Image": "C:\\Windows\\System32\\spoolsv.exe", "TargetObject": "HKLM\\System\\CurrentControlSet\\Control\\Print\\Monitors\\Local Port", "Action": "delete"}{"Time": "08/02/2021 10:38:18 AM", "LogName": "Microsoft-Windows-Sysmon/Operational", "EventCode": "7", "EventType": "4", "ComputerName": "win1", "User": "NOT_TRANSLATED", "Sid": "S-1-5-18", "SidType": "0", "SourceName": "Microsoft-Windows-Sysmon", "Type": "Registry", "RecordNumber": "509815", "Keywords": "None", "TaskCategory": "Image loaded (rule: ImageLoad)", "OpCode": "Info", "Message": "Drivers", "RuleName": "technique_id: T1059.001,technique_name=PowerShell", "UtcTime": "2021-08-02 10:38:18.452", "ProcessGuid": "{67BF5A87-CB18-6107-2901-000000003500}", "ProcessId": "3580", "Image": "C:\\Windows\\System32\\ServerManager.exe", "ImageLoaded": "C:\\Windows\\assembly\\NativeImages_v4.0.30319_64\\System.Manaa57fc8cc#\\ed68e6aaacd501ff02bf46c535425181\\System.Management.Automation.ni.dll", "FileVersion": "10.0.14409.1018", "Description": "System.Management.Automation", "Product": "Microsoft (R) Windows (R) Operating System", "Company": "Microsoft Corporation", "OriginalFileName": "System.Management.Automation.dll", "Hashes": "SHA1: A1B93F22661154856496C51453F6BB5613D4491E,MD5=91330232F4AF12A9040BF73F7DD411EB,SHA256=278209A33A4E2FE76719D963E42924E6A6A819B2B3B6F7F208038670AA69FF52,IMPHASH=00000000000000000000000000000000", "Signed": "false", "Signature": "-", "SignatureStatus": "Unavailable", "Action": "getfile"}{"Time": "08/02/2021 10:38:02 AM", "LogName": "Microsoft-Windows-Sysmon/Operational", "EventCode": "7", "EventType": "4", "ComputerName": "win1", "User": "NOT_TRANSLATED", "Sid": "S-1-5-18", "SidType": "0", "SourceName": "Microsoft-Windows-Sysmon", "Type": "Registry", "RecordNumber": "509764", "Keywords": "None", "TaskCategory": "Image loaded (rule: ImageLoad)", "OpCode": "Info", "Message": "Drivers", "RuleName": "technique_id: T1073,technique_name=DLL Side-Loading", "UtcTime": "2021-08-02 10:38:02.953", "ProcessGuid": "{67BF5A87-CB09-6107-1F01-000000003500}", "ProcessId": "4040", "Image": "C:\\Program Files\\Go\\bin\\go.exe", "ImageLoaded": "C:\\Users\\admin\\AppData\\Local\\Temp\\2\\go-build1897822121\\b001\\exe\\main.exe", "FileVersion": "-", "Description": "-", "Product": "-", "Company": "-", "OriginalFileName": "-", "Hashes": "SHA1: 78E740775F5FAD8A1FA76917E3237FDCD48E7E89,MD5=AB75365357145AD347DDEB0B12007AE6,SHA256=BCA09C32ACE85A407CE7FE9D873E486ADA524B3D442A98C097EFFAEA802F13BD,IMPHASH=4035D2883E01D64F3E7A9DCCB1D63AF5", "Signed": "false", "Signature": "-", "SignatureStatus": "Unavailable", "Action": "getfile"}{"Time": "08/02/2021 09:39:16 AM", "LogName": "Microsoft-Windows-Sysmon/Operational", "EventCode": "12", "EventType": "CreateKey", "ComputerName": "win1", "User": "NOT_TRANSLATED", "Sid": "S-1-5-18", "SidType": "0", "SourceName": "Microsoft-Windows-Sysmon", "Type": "Registry", "RecordNumber": "505623", "Keywords": "None", "TaskCategory": "Registry object added or deleted (rule: RegistryEvent)", "OpCode": "Info", "Message": "null", "RuleName": "technique_id: Port Monitors,technique_name=Port Monitors", "UtcTime": "2021-08-02 09:39:16.764", "ProcessGuid": "{67BF5A87-BD32-6107-1A00-000000003400}", "ProcessId": "984", "Image": "C:\\Windows\\System32\\spoolsv.exe", "TargetObject": "HKLM\\System\\CurrentControlSet\\Control\\Print\\Monitors\\Local Port", "Action": "delete"}{"Time": "08/03/2021 08:01:51 AM", "LogName": "Microsoft-Windows-Sysmon/Operational", "EventCode": "1", "EventType": "4", "ComputerName": "win1", "User": "NT AUTHORITY\\SYSTEM", "Sid": "S-1-5-18", "SidType": "0", "SourceName": "Microsoft-Windows-Sysmon", "Type": "Process", "RecordNumber": "514152", "Keywords": "None", "TaskCategory": "Process Create (rule: ProcessCreate)", "OpCode": "Info", "Message": "null", "RuleName": "technique_id: T1112,technique_name=Modify Registry", "UtcTime": "2021-08-03 08:01:51.272", "ProcessGuid": "{67BF5A87-F7EF-6108-6F00-000000003700}", "ProcessId": "2372", "Image": "C:\\Windows\\System32\\reg.exe", "FileVersion": "6.3.9600.17415 (winblue_r4.141028-1500)", "Description": "Registry Console Tool", "Product": "Microsoft\u00ae Windows\u00ae Operating System", "Company": "Microsoft Corporation", "OriginalFileName": "reg.exe", "CommandLine": "C:\\Windows\\system32\\reg.exe  query hklm\\software\\microsoft\\windows\\softwareinventorylogging /v collectionstate /reg:64", "CurrentDirectory": "C:\\Windows\\system32\\", "LogonGuid": "{67BF5A87-F7AD-6108-E703-000000000000}", "LogonId": "0x3E7", "TerminalSessionId": "0", "IntegrityLevel": "System", "Hashes": "SHA1: 0873F40DE395DE017495ED5C7E693AFB55E9F867,MD5=A3F446F1E2B8C6ECE56F608FB32B8DC6,SHA256=849F54DC526EA18D59ABAF4904CB11BC15B982D2952B971F2E1B6FBF8C974B39,IMPHASH=A069A88BBB8016324D7EC0A0EEC459EB", "ParentProcessGuid": "{67BF5A87-F7EF-6108-6E00-000000003700}", "ParentProcessId": "2360", "ParentImage": "C:\\Windows\\System32\\cmd.exe", "ParentCommandLine": "C:\\Windows\\system32\\cmd.exe /c C:\\Windows\\system32\\reg.exe query hklm\\software\\microsoft\\windows\\softwareinventorylogging /v collectionstate /reg:64", "Action": "kill"}{"Time": "08/03/2021 02:35:41 PM", "LogName": "Microsoft-Windows-Sysmon/Operational", "EventCode": "1", "EventType": "4", "ComputerName": "win1", "User": "WIN1\\admin", "Sid": "S-1-5-18", "SidType": "0", "SourceName": "Microsoft-Windows-Sysmon", "Type": "Process", "RecordNumber": "518127", "Keywords": "None", "TaskCategory": "Process Create (rule: ProcessCreate)", "OpCode": "Info", "Message": "null", "RuleName": "technique_id: T1086,technique_name=PowerShell", "UtcTime": "2021-08-03 14:35:41.206", "ProcessGuid": "{67BF5A87-543D-6109-040C-000000003700}", "ProcessId": "3232", "Image": "C:\\Windows\\System32\\PING.EXE", "FileVersion": "6.3.9600.17415 (winblue_r4.141028-1500)", "Description": "TCP/IP Ping Command", "Product": "Microsoft\u00ae Windows\u00ae Operating System", "Company": "Microsoft Corporation", "OriginalFileName": "ping.exe", "CommandLine": "\"C:\\Windows\\system32\\PING.EXE\" -t google.com", "CurrentDirectory": "C:\\Users\\admin\\", "LogonGuid": "{67BF5A87-FFD9-6108-B523-100000000000}", "LogonId": "0x1023B5", "TerminalSessionId": "2", "IntegrityLevel": "Medium", "Hashes": "SHA1: BFFC28401D8E1FDCB634434330BC8C1E221AAE62,MD5=A41659711F3B9B48AFBA65BCD5C8C4E2,SHA256=A510579A207C53BA35EF3551D2D62CFD9FE0E9D7F13C1DD6BEB8CED0D7F1154E,IMPHASH=6B6159B87DF007522FA0A5C23FAFB207", "ParentProcessGuid": "{67BF5A87-5432-6109-020C-000000003700}", "ParentProcessId": "2472", "ParentImage": "C:\\Windows\\System32\\WindowsPowerShell\\v1.0\\powershell.exe", "ParentCommandLine": "\"C:\\Windows\\System32\\WindowsPowerShell\\v1.0\\powershell.exe\"", "Action": "kill"}